app/build/outputs/mapping/release/seeds.txt
com.myhexaville.androidwebrtc.DataBinderMapperImpl
com.myhexaville.androidwebrtc.R$anim: int abc_fade_in
com.myhexaville.androidwebrtc.R$anim: int abc_fade_out
com.myhexaville.androidwebrtc.R$anim: int abc_grow_fade_in_from_bottom
com.myhexaville.androidwebrtc.R$anim: int abc_popup_enter
com.myhexaville.androidwebrtc.R$anim: int abc_popup_exit
com.myhexaville.androidwebrtc.R$anim: int abc_shrink_fade_out_from_bottom
com.myhexaville.androidwebrtc.R$anim: int abc_slide_in_bottom
com.myhexaville.androidwebrtc.R$anim: int abc_slide_in_top
com.myhexaville.androidwebrtc.R$anim: int abc_slide_out_bottom
com.myhexaville.androidwebrtc.R$anim: int abc_slide_out_top
com.myhexaville.androidwebrtc.R$anim: int abc_tooltip_enter
com.myhexaville.androidwebrtc.R$anim: int abc_tooltip_exit
com.myhexaville.androidwebrtc.R$anim: int design_bottom_sheet_slide_in
com.myhexaville.androidwebrtc.R$anim: int design_bottom_sheet_slide_out
com.myhexaville.androidwebrtc.R$anim: int design_snackbar_in
com.myhexaville.androidwebrtc.R$anim: int design_snackbar_out
com.myhexaville.androidwebrtc.R$anim: int fade_in
com.myhexaville.androidwebrtc.R$anim: int fade_out
com.myhexaville.androidwebrtc.R$animator: int design_appbar_state_list_animator
com.myhexaville.androidwebrtc.R$animator: int design_fab_hide_motion_spec
com.myhexaville.androidwebrtc.R$animator: int design_fab_show_motion_spec
com.myhexaville.androidwebrtc.R$animator: int mtrl_btn_state_list_anim
com.myhexaville.androidwebrtc.R$animator: int mtrl_btn_unelevated_state_list_anim
com.myhexaville.androidwebrtc.R$animator: int mtrl_chip_state_list_anim
com.myhexaville.androidwebrtc.R$animator: int mtrl_fab_hide_motion_spec
com.myhexaville.androidwebrtc.R$animator: int mtrl_fab_show_motion_spec
com.myhexaville.androidwebrtc.R$animator: int mtrl_fab_transformation_sheet_collapse_spec
com.myhexaville.androidwebrtc.R$animator: int mtrl_fab_transformation_sheet_expand_spec
com.myhexaville.androidwebrtc.R$array: int audioCodecs
com.myhexaville.androidwebrtc.R$array: int cameraFps
com.myhexaville.androidwebrtc.R$array: int roomListContextMenu
com.myhexaville.androidwebrtc.R$array: int speakerphone
com.myhexaville.androidwebrtc.R$array: int speakerphoneValues
com.myhexaville.androidwebrtc.R$array: int startBitrate
com.myhexaville.androidwebrtc.R$array: int videoCodecs
com.myhexaville.androidwebrtc.R$array: int videoResolutions
com.myhexaville.androidwebrtc.R$array: int videoResolutionsValues
com.myhexaville.androidwebrtc.R$attr: int actionBarDivider
com.myhexaville.androidwebrtc.R$attr: int actionBarItemBackground
com.myhexaville.androidwebrtc.R$attr: int actionBarPopupTheme
com.myhexaville.androidwebrtc.R$attr: int actionBarSize
com.myhexaville.androidwebrtc.R$attr: int actionBarSplitStyle
com.myhexaville.androidwebrtc.R$attr: int actionBarStyle
com.myhexaville.androidwebrtc.R$attr: int actionBarTabBarStyle
com.myhexaville.androidwebrtc.R$attr: int actionBarTabStyle
com.myhexaville.androidwebrtc.R$attr: int actionBarTabTextStyle
com.myhexaville.androidwebrtc.R$attr: int actionBarTheme
com.myhexaville.androidwebrtc.R$attr: int actionBarWidgetTheme
com.myhexaville.androidwebrtc.R$attr: int actionButtonStyle
com.myhexaville.androidwebrtc.R$attr: int actionDropDownStyle
com.myhexaville.androidwebrtc.R$attr: int actionLayout
com.myhexaville.androidwebrtc.R$attr: int actionMenuTextAppearance
com.myhexaville.androidwebrtc.R$attr: int actionMenuTextColor
com.myhexaville.androidwebrtc.R$attr: int actionModeBackground
com.myhexaville.androidwebrtc.R$attr: int actionModeCloseButtonStyle
com.myhexaville.androidwebrtc.R$attr: int actionModeCloseDrawable
com.myhexaville.androidwebrtc.R$attr: int actionModeCopyDrawable
com.myhexaville.androidwebrtc.R$attr: int actionModeCutDrawable
com.myhexaville.androidwebrtc.R$attr: int actionModeFindDrawable
com.myhexaville.androidwebrtc.R$attr: int actionModePasteDrawable
...
org.webrtc.RtpSender
org.webrtc.RtpSender: boolean nativeSetTrack(long,long)
org.webrtc.RtpSender: long nativeGetTrack(long)
org.webrtc.RtpSender: boolean nativeSetParameters(long,org.webrtc.RtpParameters)
org.webrtc.RtpSender: org.webrtc.RtpParameters nativeGetParameters(long)
org.webrtc.RtpSender: java.lang.String nativeId(long)
org.webrtc.RtpSender: void free(long)
org.webrtc.SessionDescription$Type: org.webrtc.SessionDescription$Type[] values()
org.webrtc.SessionDescription$Type: org.webrtc.SessionDescription$Type valueOf(java.lang.String)
org.webrtc.SurfaceViewRenderer
org.webrtc.SurfaceViewRenderer: SurfaceViewRenderer(android.content.Context)
org.webrtc.SurfaceViewRenderer: SurfaceViewRenderer(android.content.Context,android.util.AttributeSet)
org.webrtc.SurfaceViewRenderer: void setEnableHardwareScaler(boolean)
org.webrtc.SurfaceViewRenderer: void setMirror(boolean)
org.webrtc.SurfaceViewRenderer: void setScalingType(org.webrtc.RendererCommon$ScalingType)
org.webrtc.SurfaceViewRenderer: void setFpsReduction(float)
org.webrtc.SurfaceViewRenderer: java.lang.String getResourceName()
org.webrtc.VideoCapturer$AndroidVideoTrackSourceObserver
org.webrtc.VideoCapturer$AndroidVideoTrackSourceObserver: void nativeCapturerStarted(long,boolean)
org.webrtc.VideoCapturer$AndroidVideoTrackSourceObserver: void nativeCapturerStopped(long)
org.webrtc.VideoCapturer$AndroidVideoTrackSourceObserver: void nativeOnByteBufferFrameCaptured(long,byte[],int,int,int,int,long)
org.webrtc.VideoCapturer$AndroidVideoTrackSourceObserver: void nativeOnTextureFrameCaptured(long,int,int,int,float[],int,long)
org.webrtc.VideoFileRenderer
org.webrtc.VideoFileRenderer: void nativeI420Scale(java.nio.ByteBuffer,int,java.nio.ByteBuffer,int,java.nio.ByteBuffer,int,int,int,java.nio.ByteBuffer,int,int)
org.webrtc.VideoRenderer
org.webrtc.VideoRenderer: void nativeCopyPlane(java.nio.ByteBuffer,int,int,int,java.nio.ByteBuffer,int)
org.webrtc.VideoRenderer: long nativeWrapVideoRenderer(org.webrtc.VideoRenderer$Callbacks)
org.webrtc.VideoRenderer: void freeWrappedVideoRenderer(long)
org.webrtc.VideoRenderer: void releaseNativeFrame(long)
org.webrtc.VideoRendererGui$YuvImageRenderer$RendererType: org.webrtc.VideoRendererGui$YuvImageRenderer$RendererType[] values()
org.webrtc.VideoRendererGui$YuvImageRenderer$RendererType: org.webrtc.VideoRendererGui$YuvImageRenderer$RendererType valueOf(java.lang.String)
org.webrtc.VideoSource
org.webrtc.VideoSource: void nativeAdaptOutputFormat(long,int,int,int)
org.webrtc.VideoTrack
org.webrtc.VideoTrack: void free(long)
org.webrtc.VideoTrack: void nativeAddRenderer(long,long)
org.webrtc.VideoTrack: void nativeRemoveRenderer(long,long)
org.webrtc.voiceengine.WebRtcAudioManager
org.webrtc.voiceengine.WebRtcAudioManager: void nativeCacheAudioParameters(int,int,int,boolean,boolean,boolean,boolean,boolean,boolean,int,int,long)
org.webrtc.voiceengine.WebRtcAudioRecord
org.webrtc.voiceengine.WebRtcAudioRecord: void nativeCacheDirectBufferAddress(java.nio.ByteBuffer,long)
org.webrtc.voiceengine.WebRtcAudioRecord: void nativeDataIsRecorded(int,long)
org.webrtc.voiceengine.WebRtcAudioTrack
org.webrtc.voiceengine.WebRtcAudioTrack: void nativeCacheDirectBufferAddress(java.nio.ByteBuffer,long)
org.webrtc.voiceengine.WebRtcAudioTrack: void nativeGetPlayoutData(int,long)
pub.devrel.easypermissions.AppSettingsDialog: android.os.Parcelable$Creator CREATOR
pub.devrel.easypermissions.AppSettingsDialogHolderActivity
pub.devrel.easypermissions.AppSettingsDialogHolderActivity: AppSettingsDialogHolderActivity()