app/build/outputs/mapping/release/mapping.txt
com.myhexaville.androidwebrtc.DataBinderMapperImpl -> com.myhexaville.androidwebrtc.DataBinderMapperImpl:
    android.util.SparseIntArray INTERNAL_LAYOUT_ID_LOOKUP -> a
    void <init>() -> <init>
    android.databinding.ViewDataBinding getDataBinder(android.databinding.DataBindingComponent,android.view.View,int) -> a
    android.databinding.ViewDataBinding getDataBinder(android.databinding.DataBindingComponent,android.view.View[],int) -> a
    java.util.List collectDependencies() -> a
    void <clinit>() -> <clinit>
com.myhexaville.androidwebrtc.app_rtc.Activities.AppRTCMainActivity -> com.myhexaville.androidwebrtc.app_rtc.Activities.AppRTCMainActivity:
    int min -> k
    int max -> l
    int random -> m
    android.widget.TextView signalStrengthTxt -> n
    java.lang.String roomID -> o
    com.myhexaville.androidwebrtc.app_rtc.Utils.SharedPreferencesMethod sharedPreferenceMethod -> p
    android.telephony.TelephonyManager telephonyManager -> t
    android.telephony.SignalStrength signalStrength -> u
    boolean isConnected -> q
    boolean monitoringConnectivity -> v
    int LTESingalStrength -> w
    com.novoda.merlin.Merlin merlin -> r
    com.novoda.merlin.MerlinsBeard merlinsBeard -> s
    android.net.ConnectivityManager$NetworkCallback connectivityCallback -> x
    void <init>() -> <init>
    void onCreate(android.os.Bundle) -> onCreate
    void getLTEsignalStrength() -> l
    void onPause() -> onPause
    void checkConnectivity() -> m
    void showConnectionError() -> k
    void connect() -> connect
    void onResume() -> onResume
    android.telephony.SignalStrength access$002(com.myhexaville.androidwebrtc.app_rtc.Activities.AppRTCMainActivity,android.telephony.SignalStrength) -> a
    void access$100(com.myhexaville.androidwebrtc.app_rtc.Activities.AppRTCMainActivity) -> a
com.myhexaville.androidwebrtc.app_rtc.Activities.AppRTCMainActivity$1 -> com.myhexaville.androidwebrtc.app_rtc.Activities.AppRTCMainActivity$1:
    com.myhexaville.androidwebrtc.app_rtc.Activities.AppRTCMainActivity this$0 -> a
    void <init>(com.myhexaville.androidwebrtc.app_rtc.Activities.AppRTCMainActivity) -> <init>
    void onSignalStrengthsChanged(android.telephony.SignalStrength) -> onSignalStrengthsChanged
com.myhexaville.androidwebrtc.app_rtc.Activities.AppRTCMainActivity$2 -> com.myhexaville.androidwebrtc.app_rtc.Activities.AppRTCMainActivity$2:
    com.myhexaville.androidwebrtc.app_rtc.Activities.AppRTCMainActivity this$0 -> a
    void <init>(com.myhexaville.androidwebrtc.app_rtc.Activities.AppRTCMainActivity) -> <init>
    void onConnect() -> b_
com.myhexaville.androidwebrtc.app_rtc.Activities.AppRTCMainActivity$3 -> com.myhexaville.androidwebrtc.app_rtc.Activities.AppRTCMainActivity$3:
    com.myhexaville.androidwebrtc.app_rtc.Activities.AppRTCMainActivity this$0 -> a
    void <init>(com.myhexaville.androidwebrtc.app_rtc.Activities.AppRTCMainActivity) -> <init>
    void onAvailable(android.net.Network) -> onAvailable
    void onLost(android.net.Network) -> onLost
com.myhexaville.androidwebrtc.app_rtc.Activities.AppRTCMainActivity$4 -> com.myhexaville.androidwebrtc.app_rtc.Activities.AppRTCMainActivity$4:
    com.myhexaville.androidwebrtc.app_rtc.Activities.AppRTCMainActivity this$0 -> a
    void <init>(com.myhexaville.androidwebrtc.app_rtc.Activities.AppRTCMainActivity) -> <init>
    void onClick(android.view.View) -> onClick
...
android.support.v4.widget.AutoScrollHelper$ScrollAnimationRunnable -> android.support.v4.widget.a$b:
    android.support.v4.widget.AutoScrollHelper this$0 -> a
    void <init>(android.support.v4.widget.AutoScrollHelper) -> <init>
    void run() -> run
android.support.v4.widget.AutoSizeableTextView -> android.support.v4.widget.b:
    boolean PLATFORM_SUPPORTS_AUTOSIZE -> a
    void <clinit>() -> <clinit>
android.support.v4.widget.CompoundButtonCompat -> android.support.v4.widget.c:
    java.lang.reflect.Field sButtonDrawableField -> a
    boolean sButtonDrawableFieldFetched -> b
    void setButtonTintList(android.widget.CompoundButton,android.content.res.ColorStateList) -> a
    void setButtonTintMode(android.widget.CompoundButton,android.graphics.PorterDuff$Mode) -> a
    android.graphics.drawable.Drawable getButtonDrawable(android.widget.CompoundButton) -> a
android.support.v4.widget.CursorAdapter -> android.support.v4.widget.d:
    boolean mDataValid -> a
    boolean mAutoRequery -> b
    android.database.Cursor mCursor -> c
    android.content.Context mContext -> d
    int mRowIDColumn -> e
    android.support.v4.widget.CursorAdapter$ChangeObserver mChangeObserver -> f
    android.database.DataSetObserver mDataSetObserver -> g
    android.support.v4.widget.CursorFilter mCursorFilter -> h
    android.widget.FilterQueryProvider mFilterQueryProvider -> i
    void <init>(android.content.Context,android.database.Cursor,boolean) -> <init>
    void init(android.content.Context,android.database.Cursor,int) -> a
    android.database.Cursor getCursor() -> a
    int getCount() -> getCount
    java.lang.Object getItem(int) -> getItem
    long getItemId(int) -> getItemId
    boolean hasStableIds() -> hasStableIds
    android.view.View getView(int,android.view.View,android.view.ViewGroup) -> getView
    android.view.View getDropDownView(int,android.view.View,android.view.ViewGroup) -> getDropDownView
    android.view.View newView(android.content.Context,android.database.Cursor,android.view.ViewGroup) -> a
    android.view.View newDropDownView(android.content.Context,android.database.Cursor,android.view.ViewGroup) -> b
    void bindView(android.view.View,android.content.Context,android.database.Cursor) -> a
    void changeCursor(android.database.Cursor) -> a
android.support.v4.widget.CursorAdapter$ChangeObserver -> android.support.v4.widget.d$a:
    android.support.v4.widget.CursorAdapter this$0 -> a
    void <init>(android.support.v4.widget.CursorAdapter) -> <init>
    boolean deliverSelfNotifications() -> deliverSelfNotifications
    void onChange(boolean) -> onChange
android.support.v4.widget.CursorAdapter$MyDataSetObserver -> android.support.v4.widget.d$b:
    android.support.v4.widget.CursorAdapter this$0 -> a
    void <init>(android.support.v4.widget.CursorAdapter) -> <init>
    void onChanged() -> onChanged
    void onInvalidated() -> onInvalidated
android.support.v4.widget.CursorFilter -> android.support.v4.widget.e:
    android.support.v4.widget.CursorFilter$CursorFilterClient mClient -> a
    void <init>(android.support.v4.widget.CursorFilter$CursorFilterClient) -> <init>
    java.lang.CharSequence convertResultToString(java.lang.Object) -> convertResultToString
    android.widget.Filter$FilterResults performFiltering(java.lang.CharSequence) -> performFiltering
    void publishResults(java.lang.CharSequence,android.widget.Filter$FilterResults) -> publishResults
android.support.v4.widget.CursorFilter$CursorFilterClient -> android.support.v4.widget.e$a:
    java.lang.CharSequence convertToString(android.database.Cursor) -> c
    android.database.Cursor runQueryOnBackgroundThread(java.lang.CharSequence) -> a
    android.database.Cursor getCursor() -> a
    void changeCursor(android.database.Cursor) -> a