app/build/outputs/mapping/release/usage.txt
com.myhexaville.androidwebrtc.BR
com.myhexaville.androidwebrtc.BuildConfig
com.myhexaville.androidwebrtc.DataBinderMapperImpl:
    private static final int LAYOUT_ACTIVITYCALL
    private static final int LAYOUT_ACTIVITYMAIN
    private static final int LAYOUT_ACTIVITYSAMPLECAMERARENDER
    private static final int LAYOUT_ACTIVITYSAMPLEDATACHANNEL
    private static final int LAYOUT_ACTIVITYSAMPLEPEERCONNECTION
    108:112:public int getLayoutId(java.lang.String)
    117:118:public java.lang.String convertBrIdToString(int)
com.myhexaville.androidwebrtc.DataBinderMapperImpl$InnerBrLookup
com.myhexaville.androidwebrtc.DataBinderMapperImpl$InnerLayoutIdLookup
com.myhexaville.androidwebrtc.R
com.myhexaville.androidwebrtc.R$anim
com.myhexaville.androidwebrtc.R$animator
com.myhexaville.androidwebrtc.R$array
com.myhexaville.androidwebrtc.R$attr
com.myhexaville.androidwebrtc.R$bool
com.myhexaville.androidwebrtc.R$color
com.myhexaville.androidwebrtc.R$dimen
com.myhexaville.androidwebrtc.R$drawable
com.myhexaville.androidwebrtc.R$id
com.myhexaville.androidwebrtc.R$integer
com.myhexaville.androidwebrtc.R$interpolator
com.myhexaville.androidwebrtc.R$layout
com.myhexaville.androidwebrtc.R$menu
com.myhexaville.androidwebrtc.R$mipmap
com.myhexaville.androidwebrtc.R$raw
com.myhexaville.androidwebrtc.R$string
com.myhexaville.androidwebrtc.R$style
com.myhexaville.androidwebrtc.R$styleable
com.myhexaville.androidwebrtc.R$xml
com.myhexaville.androidwebrtc.app_rtc.Activities.AppRTCMainActivity:
    private static final int CONNECTION_REQUEST
    private static final int RC_CALL
com.myhexaville.androidwebrtc.app_rtc.Activities.CallActivity:
    private static final java.lang.String LOG_TAG
    private static final java.lang.String TAG
    public static final java.lang.String LTE_TAG
    android.widget.TextView tv_bat_lvl
    android.widget.TextView tv_bat_temp
    android.widget.TextView tv_wifi_signal
    android.widget.TextView tv_net_signal
    android.widget.TextView versioncode
    544:593:void showStats()
    669:701:public void sendMessage(java.lang.String,java.lang.String,java.lang.String,java.lang.String,java.lang.String,java.lang.String)
    1099:1102:public void onCaptureFormatChange(int,int,int)
    1134:1151:private void updateVideoView()
    1178:1216:private void callConnected()
    1410:1423:public void onLocalDescription(org.webrtc.SessionDescription)
    1427:1433:public void onIceCandidate(org.webrtc.IceCandidate)
    1437:1442:public void onIceCandidatesRemoved(org.webrtc.IceCandidate[])
    1447:1451:public void onIceConnected()
    1455:1477:public void onIceDisconnected()
    1456:1458:private synthetic void lambda$onIceDisconnected$13()
    1448:1450:private synthetic void lambda$onIceConnected$12()
    1438:1441:private synthetic void lambda$onIceCandidatesRemoved$11(org.webrtc.IceCandidate[])
    1428:1432:private synthetic void lambda$onIceCandidate$10(org.webrtc.IceCandidate)
    1411:1422:private synthetic void lambda$onLocalDescription$9(org.webrtc.SessionDescription)
com.myhexaville.androidwebrtc.app_rtc.Activities.CallActivity$4
com.myhexaville.androidwebrtc.app_rtc.Activities.CallActivity$5
com.myhexaville.androidwebrtc.app_rtc.Activities.CallActivity$5$1
com.myhexaville.androidwebrtc.app_rtc.Interface.OnCallEvents
com.myhexaville.androidwebrtc.app_rtc.Services.WifiConnectionReceiver
com.myhexaville.androidwebrtc.app_rtc.Utils.AppRTCUtils:
    17:18:private AppRTCUtils()
com.myhexaville.androidwebrtc.app_rtc.Utils.AsyncHttpURLConnection:
    private static final int HTTP_TIMEOUT_MS
    private static final java.lang.String HTTP_ORIGIN
    51:52:public void setContentType(java.lang.String)
com.myhexaville.androidwebrtc.app_rtc.Utils.Constant
com.myhexaville.androidwebrtc.app_rtc.view.PercentFrameLayout:
    42:46:public void setPosition(int,int,int,int)
...
android.support.v4.app.JobIntentService$CompatJobEngine
android.support.v4.app.JobIntentService$CompatWorkEnqueuer
android.support.v4.app.JobIntentService$CompatWorkItem
android.support.v4.app.JobIntentService$GenericWorkItem
android.support.v4.app.JobIntentService$JobServiceEngineImpl
android.support.v4.app.JobIntentService$JobServiceEngineImpl$WrapperWorkItem
android.support.v4.app.JobIntentService$JobWorkEnqueuer
android.support.v4.app.JobIntentService$WorkEnqueuer
android.support.v4.app.ListFragment
android.support.v4.app.ListFragment$1
android.support.v4.app.ListFragment$2
android.support.v4.app.LoaderManager:
    public abstract android.support.v4.content.Loader initLoader(int,android.os.Bundle,android.support.v4.app.LoaderManager$LoaderCallbacks)
    public abstract android.support.v4.content.Loader restartLoader(int,android.os.Bundle,android.support.v4.app.LoaderManager$LoaderCallbacks)
    public abstract void destroyLoader(int)
    public abstract android.support.v4.content.Loader getLoader(int)
    235:236:public static void enableDebugLogging(boolean)
    242:242:public boolean hasRunningLoaders()
android.support.v4.app.LoaderManager$LoaderCallbacks:
    public abstract android.support.v4.content.Loader onCreateLoader(int,android.os.Bundle)
android.support.v4.app.LoaderManagerImpl:
    static final java.lang.String TAG
    382:400:private android.support.v4.content.Loader createAndInstallLoader(int,android.os.Bundle,android.support.v4.app.LoaderManager$LoaderCallbacks,android.support.v4.content.Loader)
    408:424:public android.support.v4.content.Loader initLoader(int,android.os.Bundle,android.support.v4.app.LoaderManager$LoaderCallbacks)
    433:447:public android.support.v4.content.Loader restartLoader(int,android.os.Bundle,android.support.v4.app.LoaderManager$LoaderCallbacks)
    453:466:public void destroyLoader(int)
    471:476:public android.support.v4.content.Loader getLoader(int)
    503:503:public boolean hasRunningLoaders()
android.support.v4.app.LoaderManagerImpl$LoaderInfo:
    61:67:LoaderManagerImpl$LoaderInfo(int,android.os.Bundle,android.support.v4.content.Loader,android.support.v4.content.Loader)
    98:107:android.support.v4.content.Loader setCallback(android.arch.lifecycle.LifecycleOwner,android.support.v4.app.LoaderManager$LoaderCallbacks)
    125:129:boolean isCallbackWaitingForData()
    172:185:public void onLoadComplete(android.support.v4.content.Loader,java.lang.Object)
android.support.v4.app.LoaderManagerImpl$LoaderObserver:
    237:242:LoaderManagerImpl$LoaderObserver(android.support.v4.content.Loader,android.support.v4.app.LoaderManager$LoaderCallbacks)
android.support.v4.app.LoaderManagerImpl$LoaderViewModel:
    299:300:void startCreatingLoader()
    303:303:boolean isCreatingLoader()
    307:308:void finishCreatingLoader()
    311:312:void putLoader(int,android.support.v4.app.LoaderManagerImpl$LoaderInfo)
    316:316:android.support.v4.app.LoaderManagerImpl$LoaderInfo getLoader(int)
    320:321:void removeLoader(int)
    324:331:boolean hasRunningLoaders()
android.support.v4.app.NavUtils:
    private static final java.lang.String TAG
    public static final java.lang.String PARENT_ACTIVITY
    81:92:public static void navigateUpFromSameTask(android.app.Activity)
    168:178:public static android.content.Intent getParentActivityIntent(android.content.Context,java.lang.Class)
    262:263:private NavUtils()
android.support.v4.app.NotificationBuilderWithBuilderAccessor
android.support.v4.app.NotificationCompat
android.support.v4.app.NotificationCompat$Action
android.support.v4.app.NotificationCompat$Action$Builder
android.support.v4.app.NotificationCompat$Action$Extender
android.support.v4.app.NotificationCompat$Action$SemanticAction
android.support.v4.app.NotificationCompat$Action$WearableExtender
android.support.v4.app.NotificationCompat$BadgeIconType
android.support.v4.app.NotificationCompat$BigPictureStyle